已經開始建置於 2014/11/2 下午 06:37:33。
     1>節點 2 (build 目標) 上的專案 "c:\Users\Mono\documents\visual studio 2010\Projects\pointcclfunction\pointcclfunction\pointcclfunction.vcxproj"。
     1>InitializeBuildStatus:
         由於指定了 "AlwaysCreate"，因此正在建立 "Debug\pointcclfunction.unsuccessfulbuild"。
       ClCompile:
         所有輸出都是最新的。
         c:\Program Files (x86)\Microsoft Visual Studio 10.0\VC\bin\CL.exe /c /ZI /nologo /W3 /WX- /Od /Oy- /D WIN32 /D _DEBUG /D _CONSOLE /D _UNICODE /D UNICODE /Gm /EHsc /RTC1 /MDd /GS /fp:precise /Zc:wchar_t /Zc:forScope /Yu"StdAfx.h" /Fp"Debug\pointcclfunction.pch" /Fo"Debug\\" /Fd"Debug\vc100.pdb" /Gd /TP /analyze- /errorReport:prompt pointcclfunction.cpp
         pointcclfunction.cpp
       ManifestResourceCompile:
         所有輸出都是最新的。
       Link:
         c:\Program Files (x86)\Microsoft Visual Studio 10.0\VC\bin\link.exe /ERRORREPORT:PROMPT /OUT:"c:\users\mono\documents\visual studio 2010\Projects\pointcclfunction\Debug\pointcclfunction.exe" /INCREMENTAL /NOLOGO kernel32.lib user32.lib gdi32.lib winspool.lib comdlg32.lib advapi32.lib shell32.lib ole32.lib oleaut32.lib uuid.lib odbc32.lib odbccp32.lib /MANIFEST /ManifestFile:"Debug\pointcclfunction.exe.intermediate.manifest" /MANIFESTUAC:"level='asInvoker' uiAccess='false'" /DEBUG /PDB:"c:\users\mono\documents\visual studio 2010\Projects\pointcclfunction\Debug\pointcclfunction.pdb" /SUBSYSTEM:CONSOLE /TLBID:1 /DYNAMICBASE /NXCOMPAT /IMPLIB:"c:\users\mono\documents\visual studio 2010\Projects\pointcclfunction\Debug\pointcclfunction.lib" /MACHINE:X86 Debug\pointcclfunction.exe.embed.manifest.res
         Debug\pointcclfunction.obj
         Debug\stdafx.obj
       Manifest:
         c:\Program Files (x86)\Microsoft SDKs\Windows\v7.0A\bin\mt.exe /nologo /verbose /out:"Debug\pointcclfunction.exe.embed.manifest" /manifest Debug\pointcclfunction.exe.intermediate.manifest
         所有輸出都是最新的。
       LinkEmbedManifest:
         所有輸出都是最新的。
         pointcclfunction.vcxproj -> c:\users\mono\documents\visual studio 2010\Projects\pointcclfunction\Debug\pointcclfunction.exe
       FinalizeBuildStatus:
         正在刪除檔案 "Debug\pointcclfunction.unsuccessfulbuild"。
         正在變更時間戳記 "Debug\pointcclfunction.lastbuildstate"。
     1>專案 "c:\Users\Mono\documents\visual studio 2010\Projects\pointcclfunction\pointcclfunction\pointcclfunction.vcxproj" (build 目標) 建置完成。

建置成功。

經過時間 00:00:01.23
