C:\USERS\MONO\DOCUMENTS\VISUAL STUDIO 2010\PROJECTS\POINTCCLFUNCTION\DEBUG\POINTCCLFUNCTION.EXE
C:\USERS\MONO\DOCUMENTS\VISUAL STUDIO 2010\PROJECTS\POINTCCLFUNCTION\DEBUG\POINTCCLFUNCTION.ILK
C:\USERS\MONO\DOCUMENTS\VISUAL STUDIO 2010\PROJECTS\POINTCCLFUNCTION\DEBUG\POINTCCLFUNCTION.PDB
c:\Users\Mono\documents\visual studio 2010\Projects\pointcclfunction\pointcclfunction\Debug\cl.command.1.tlog
c:\Users\Mono\documents\visual studio 2010\Projects\pointcclfunction\pointcclfunction\Debug\CL.read.1.tlog
c:\Users\Mono\documents\visual studio 2010\Projects\pointcclfunction\pointcclfunction\Debug\CL.write.1.tlog
c:\Users\Mono\documents\visual studio 2010\Projects\pointcclfunction\pointcclfunction\Debug\link.1568.read.1.tlog
c:\Users\Mono\documents\visual studio 2010\Projects\pointcclfunction\pointcclfunction\Debug\link.1568.write.1.tlog
c:\Users\Mono\documents\visual studio 2010\Projects\pointcclfunction\pointcclfunction\Debug\link.1568-cvtres.read.1.tlog
c:\Users\Mono\documents\visual studio 2010\Projects\pointcclfunction\pointcclfunction\Debug\link.1568-cvtres.write.1.tlog
c:\Users\Mono\documents\visual studio 2010\Projects\pointcclfunction\pointcclfunction\Debug\link.command.1.tlog
c:\Users\Mono\documents\visual studio 2010\Projects\pointcclfunction\pointcclfunction\Debug\link.read.1.tlog
c:\Users\Mono\documents\visual studio 2010\Projects\pointcclfunction\pointcclfunction\Debug\link.write.1.tlog
c:\Users\Mono\documents\visual studio 2010\Projects\pointcclfunction\pointcclfunction\Debug\link-cvtres.read.1.tlog
c:\Users\Mono\documents\visual studio 2010\Projects\pointcclfunction\pointcclfunction\Debug\link-cvtres.write.1.tlog
c:\Users\Mono\documents\visual studio 2010\Projects\pointcclfunction\pointcclfunction\Debug\mt.command.1.tlog
c:\Users\Mono\documents\visual studio 2010\Projects\pointcclfunction\pointcclfunction\Debug\mt.read.1.tlog
c:\Users\Mono\documents\visual studio 2010\Projects\pointcclfunction\pointcclfunction\Debug\mt.write.1.tlog
C:\USERS\MONO\DOCUMENTS\VISUAL STUDIO 2010\PROJECTS\POINTCCLFUNCTION\POINTCCLFUNCTION\DEBUG\POINTCCLFUNCTION.EXE.EMBED.MANIFEST
C:\USERS\MONO\DOCUMENTS\VISUAL STUDIO 2010\PROJECTS\POINTCCLFUNCTION\POINTCCLFUNCTION\DEBUG\POINTCCLFUNCTION.EXE.EMBED.MANIFEST.RES
C:\USERS\MONO\DOCUMENTS\VISUAL STUDIO 2010\PROJECTS\POINTCCLFUNCTION\POINTCCLFUNCTION\DEBUG\POINTCCLFUNCTION.EXE.INTERMEDIATE.MANIFEST
C:\USERS\MONO\DOCUMENTS\VISUAL STUDIO 2010\PROJECTS\POINTCCLFUNCTION\POINTCCLFUNCTION\DEBUG\POINTCCLFUNCTION.OBJ
C:\USERS\MONO\DOCUMENTS\VISUAL STUDIO 2010\PROJECTS\POINTCCLFUNCTION\POINTCCLFUNCTION\DEBUG\POINTCCLFUNCTION.PCH
c:\Users\Mono\documents\visual studio 2010\Projects\pointcclfunction\pointcclfunction\Debug\pointcclfunction.vcxprojResolveAssemblyReference.cache
c:\Users\Mono\documents\visual studio 2010\Projects\pointcclfunction\pointcclfunction\Debug\pointcclfunction.write.1.tlog
c:\Users\Mono\documents\visual studio 2010\Projects\pointcclfunction\pointcclfunction\Debug\pointcclfunction_manifest.rc
c:\Users\Mono\documents\visual studio 2010\Projects\pointcclfunction\pointcclfunction\Debug\rc.command.1.tlog
c:\Users\Mono\documents\visual studio 2010\Projects\pointcclfunction\pointcclfunction\Debug\rc.read.1.tlog
c:\Users\Mono\documents\visual studio 2010\Projects\pointcclfunction\pointcclfunction\Debug\rc.write.1.tlog
C:\USERS\MONO\DOCUMENTS\VISUAL STUDIO 2010\PROJECTS\POINTCCLFUNCTION\POINTCCLFUNCTION\DEBUG\STDAFX.OBJ
c:\Users\Mono\documents\visual studio 2010\Projects\pointcclfunction\pointcclfunction\Debug\vc100.idb
C:\USERS\MONO\DOCUMENTS\VISUAL STUDIO 2010\PROJECTS\POINTCCLFUNCTION\POINTCCLFUNCTION\DEBUG\VC100.PDB
