已經開始建置於 2014/11/2 下午 04:15:17。
     1>節點 2 (build 目標) 上的專案 "c:\Users\Mono\documents\visual studio 2010\Projects\Cpointexample\Cpointexample\Cpointexample.vcxproj"。
     1>InitializeBuildStatus:
         正在變更時間戳記 "Debug\Cpointexample.unsuccessfulbuild"。
       ClCompile:
         所有輸出都是最新的。
         c:\Program Files (x86)\Microsoft Visual Studio 10.0\VC\bin\CL.exe /c /ZI /nologo /W3 /WX- /Od /Oy- /D WIN32 /D _DEBUG /D _CONSOLE /D _UNICODE /D UNICODE /Gm /EHsc /RTC1 /MDd /GS /fp:precise /Zc:wchar_t /Zc:forScope /Yu"StdAfx.h" /Fp"Debug\Cpointexample.pch" /Fo"Debug\\" /Fd"Debug\vc100.pdb" /Gd /TP /analyze- /errorReport:prompt Cpointexample.cpp
         Cpointexample.cpp
       ManifestResourceCompile:
         所有輸出都是最新的。
       Link:
         c:\Program Files (x86)\Microsoft Visual Studio 10.0\VC\bin\link.exe /ERRORREPORT:PROMPT /OUT:"c:\users\mono\documents\visual studio 2010\Projects\Cpointexample\Debug\Cpointexample.exe" /INCREMENTAL /NOLOGO kernel32.lib user32.lib gdi32.lib winspool.lib comdlg32.lib advapi32.lib shell32.lib ole32.lib oleaut32.lib uuid.lib odbc32.lib odbccp32.lib /MANIFEST /ManifestFile:"Debug\Cpointexample.exe.intermediate.manifest" /MANIFESTUAC:"level='asInvoker' uiAccess='false'" /DEBUG /PDB:"c:\users\mono\documents\visual studio 2010\Projects\Cpointexample\Debug\Cpointexample.pdb" /SUBSYSTEM:CONSOLE /TLBID:1 /DYNAMICBASE /NXCOMPAT /IMPLIB:"c:\users\mono\documents\visual studio 2010\Projects\Cpointexample\Debug\Cpointexample.lib" /MACHINE:X86 Debug\Cpointexample.exe.embed.manifest.res
         Debug\Cpointexample.obj
         Debug\stdafx.obj
       Manifest:
         c:\Program Files (x86)\Microsoft SDKs\Windows\v7.0A\bin\mt.exe /nologo /verbose /out:"Debug\Cpointexample.exe.embed.manifest" /manifest Debug\Cpointexample.exe.intermediate.manifest
         所有輸出都是最新的。
       LinkEmbedManifest:
         所有輸出都是最新的。
         Cpointexample.vcxproj -> c:\users\mono\documents\visual studio 2010\Projects\Cpointexample\Debug\Cpointexample.exe
       FinalizeBuildStatus:
         正在刪除檔案 "Debug\Cpointexample.unsuccessfulbuild"。
         正在變更時間戳記 "Debug\Cpointexample.lastbuildstate"。
     1>專案 "c:\Users\Mono\documents\visual studio 2010\Projects\Cpointexample\Cpointexample\Cpointexample.vcxproj" (build 目標) 建置完成。

建置成功。

經過時間 00:00:00.40
